2010-02-05 16:27:15 Debug: Notice (8): Undefined variable: projetoTipo in [APP\views\infraestruturas\add.ctp, line 9]
2010-02-05 16:27:34 Debug: Notice (8): Undefined variable: projetoTipo in [APP\views\infraestruturas\add.ctp, line 9]
2010-02-05 16:33:29 Debug: Notice (8): Undefined variable: projetoTipos in [APP\views\infraestruturas\add.ctp, line 9]
2010-02-05 16:34:07 Debug: Notice (8): Undefined variable: projetoTipos in [APP\views\infraestruturas\add.ctp, line 9]
2010-02-05 16:36:13 Debug: Notice (8): Undefined property: InfraestruturaTipo::$InfraestruturaTiposProjetoTipo in [APP\controllers\infraestruturas_controller.php, line 34]
2010-02-05 16:36:37 Debug: Notice (8): Undefined variable: projetoTipos in [APP\views\infraestruturas\add.ctp, line 9]
2010-02-05 16:43:20 Debug: Notice (8): Undefined index: projeto_tipo_id in [APP\controllers\infraestruturas_controller.php, line 37]
2010-02-05 16:43:20 Debug: Notice (8): Undefined property: InfraestruturasController::$Projeto in [APP\controllers\infraestruturas_controller.php, line 41]
2010-02-05 16:43:20 Debug: Notice (8): Trying to get property of non-object in [APP\controllers\infraestruturas_controller.php, line 41]
2010-02-05 16:43:37 Debug: Notice (8): Undefined property: InfraestruturasController::$Projeto in [APP\controllers\infraestruturas_controller.php, line 41]
2010-02-05 16:43:37 Debug: Notice (8): Trying to get property of non-object in [APP\controllers\infraestruturas_controller.php, line 41]
2010-02-05 17:03:43 Debug: Notice (8): Undefined index: Aparelho  in [APP\views\projetos\view.ctp, line 116]
2010-02-05 17:03:43 Debug: Notice (8): Undefined index: travessa_do_encontro in [APP\views\projetos\view.ctp, line 121]
2010-02-05 17:03:43 Debug: Notice (8): Undefined index: travessa_interna in [APP\views\projetos\view.ctp, line 121]
2010-02-05 17:09:27 Debug: Notice (8): Undefined index: descricao in [APP\views\projetos\view.ctp, line 154]
2010-02-05 17:09:27 Debug: Notice (8): Undefined index: descricao in [APP\views\projetos\view.ctp, line 158]
2010-02-05 17:09:27 Debug: Notice (8): Undefined index: descricao in [APP\views\projetos\view.ctp, line 162]
2010-02-05 17:09:27 Debug: Notice (8): Undefined index: descricao in [APP\views\projetos\view.ctp, line 166]
2010-02-05 17:09:27 Debug: Notice (8): Undefined index: descricao in [APP\views\projetos\view.ctp, line 170]
2010-02-05 17:09:27 Debug: Notice (8): Undefined index: descricao in [APP\views\projetos\view.ctp, line 186]
2010-02-05 17:12:35 Debug: Notice (8): Undefined index: descricao in [APP\views\projetos\view.ctp, line 154]
2010-02-05 17:12:36 Debug: Notice (8): Undefined index: descricao in [APP\views\projetos\view.ctp, line 158]
2010-02-05 17:12:36 Debug: Notice (8): Undefined index: descricao in [APP\views\projetos\view.ctp, line 162]
2010-02-05 17:12:36 Debug: Notice (8): Undefined index: descricao in [APP\views\projetos\view.ctp, line 166]
2010-02-05 17:12:36 Debug: Notice (8): Undefined index: descricao in [APP\views\projetos\view.ctp, line 170]
2010-02-05 17:12:36 Debug: Notice (8): Undefined index: descricao in [APP\views\projetos\view.ctp, line 186]
2010-02-05 17:12:45 Debug: Notice (8): Undefined index: descricao in [APP\views\projetos\view.ctp, line 158]
2010-02-05 17:12:45 Debug: Notice (8): Undefined index: descricao in [APP\views\projetos\view.ctp, line 162]
2010-02-05 17:12:45 Debug: Notice (8): Undefined index: descricao in [APP\views\projetos\view.ctp, line 166]
2010-02-05 17:12:45 Debug: Notice (8): Undefined index: descricao in [APP\views\projetos\view.ctp, line 170]
2010-02-05 17:12:45 Debug: Notice (8): Undefined index: descricao in [APP\views\projetos\view.ctp, line 186]
2010-02-05 17:16:11 Debug: Notice (8): Undefined index: formulario_id in [APP\views\infraestruturas\edit.ctp, line 26]
2010-02-05 17:21:08 Debug: Notice (8): Undefined index: descricao in [APP\views\projetos\view.ctp, line 158]
2010-02-05 17:21:08 Debug: Notice (8): Undefined index: descricao in [APP\views\projetos\view.ctp, line 162]
2010-02-05 17:21:08 Debug: Notice (8): Undefined index: descricao in [APP\views\projetos\view.ctp, line 166]
2010-02-05 17:21:08 Debug: Notice (8): Undefined index: descricao in [APP\views\projetos\view.ctp, line 186]
2010-02-05 17:21:14 Debug: Notice (8): Undefined index: descricao in [APP\views\projetos\view.ctp, line 158]
2010-02-05 17:21:14 Debug: Notice (8): Undefined index: descricao in [APP\views\projetos\view.ctp, line 162]
2010-02-05 17:21:14 Debug: Notice (8): Undefined index: descricao in [APP\views\projetos\view.ctp, line 166]
2010-02-05 17:21:14 Debug: Notice (8): Undefined index: descricao in [APP\views\projetos\view.ctp, line 186]
2010-02-05 17:21:18 Debug: Notice (8): Undefined index: descricao in [APP\views\projetos\view.ctp, line 158]
2010-02-05 17:21:19 Debug: Notice (8): Undefined index: descricao in [APP\views\projetos\view.ctp, line 162]
2010-02-05 17:21:19 Debug: Notice (8): Undefined index: descricao in [APP\views\projetos\view.ctp, line 166]
2010-02-05 17:21:19 Debug: Notice (8): Undefined index: descricao in [APP\views\projetos\view.ctp, line 186]
2010-02-05 17:51:27 Debug: Notice (8): Undefined index: descricao in [APP\views\projetos\view.ctp, line 158]
2010-02-05 17:51:27 Debug: Notice (8): Undefined index: descricao in [APP\views\projetos\view.ctp, line 162]
2010-02-05 17:51:27 Debug: Notice (8): Undefined index: descricao in [APP\views\projetos\view.ctp, line 166]
2010-02-05 17:51:27 Debug: Notice (8): Undefined index: descricao in [APP\views\projetos\view.ctp, line 186]
2010-02-05 17:54:09 Debug: Notice (8): Undefined index: Pilar in [APP\views\projetos\view.ctp, line 152]
2010-02-05 17:54:09 Debug: Notice (8): Undefined index: Aparelho  in [APP\views\projetos\view.ctp, line 152]
2010-02-05 17:54:09 Debug: Notice (8): Undefined index: travessa_do_encontro in [APP\views\projetos\view.ctp, line 157]
2010-02-05 17:54:09 Debug: Notice (8): Undefined index: travessa_interna in [APP\views\projetos\view.ctp, line 157]
2010-02-05 17:54:09 Debug: Notice (8): Undefined index: Aproximacao in [APP\views\projetos\view.ctp, line 152]
2010-02-05 17:54:09 Debug: Notice (8): Undefined index: descricao in [APP\views\projetos\view.ctp, line 195]
2010-02-05 17:54:09 Debug: Notice (8): Undefined index: descricao in [APP\views\projetos\view.ctp, line 199]
2010-02-05 17:54:09 Debug: Notice (8): Undefined index: descricao in [APP\views\projetos\view.ctp, line 203]
2010-02-05 17:54:09 Debug: Notice (8): Undefined index: descricao in [APP\views\projetos\view.ctp, line 223]
2010-02-05 17:54:29 Debug: Notice (8): Undefined index: descricao in [APP\views\projetos\view.ctp, line 195]
2010-02-05 17:54:29 Debug: Notice (8): Undefined index: descricao in [APP\views\projetos\view.ctp, line 199]
2010-02-05 17:54:29 Debug: Notice (8): Undefined index: descricao in [APP\views\projetos\view.ctp, line 203]
2010-02-05 17:54:29 Debug: Notice (8): Undefined index: descricao in [APP\views\projetos\view.ctp, line 223]
2010-02-05 17:55:42 Debug: Notice (8): Undefined index: descricao in [APP\views\projetos\view.ctp, line 199]
2010-02-05 17:55:42 Debug: Notice (8): Undefined index: descricao in [APP\views\projetos\view.ctp, line 203]
2010-02-05 17:55:42 Debug: Notice (8): Undefined index: descricao in [APP\views\projetos\view.ctp, line 207]
2010-02-05 17:55:42 Debug: Notice (8): Undefined index: descricao in [APP\views\projetos\view.ctp, line 227]
2010-02-05 18:00:22 Debug: Notice (8): Undefined index: descricao in [APP\views\projetos\view.ctp, line 224]
2010-02-05 18:00:22 Debug: Notice (8): Undefined index: descricao in [APP\views\projetos\view.ctp, line 228]
2010-02-05 18:00:22 Debug: Notice (8): Undefined index: descricao in [APP\views\projetos\view.ctp, line 232]
2010-02-05 18:00:22 Debug: Notice (8): Undefined index: descricao in [APP\views\projetos\view.ctp, line 252]
2010-02-05 18:01:10 Debug: Notice (8): Undefined index: CadastrosProjetoTipos in [APP\views\mesoestruturas\add.ctp, line 8]
2010-02-05 18:01:27 Debug: Notice (8): Undefined index: CadastrosProjetoTipos in [APP\views\supraestruturas\add.ctp, line 9]
2010-02-05 18:01:50 Debug: Notice (8): Undefined index: CadastrosProjetoTipos in [APP\views\supraestruturas\add.ctp, line 9]
2010-02-05 18:02:56 Debug: Notice (8): Undefined index: CadastrosProjetoTipos in [APP\views\supraestruturas\add.ctp, line 9]
2010-02-05 18:05:09 Debug: Notice (8): Undefined index: CadastrosProjetoTipos in [APP\views\supraestruturas\add.ctp, line 10]
2010-02-05 18:05:43 Debug: Notice (8): Undefined index: CadastrosProjetoTipos in [APP\views\supraestruturas\add.ctp, line 9]
2010-02-05 18:05:59 Debug: Notice (8): Undefined index: CadastrosProjetoTipos in [APP\views\supraestruturas\add.ctp, line 9]
2010-02-05 18:06:12 Debug: Notice (8): Undefined index: CadastrosProjetoTipos in [APP\views\supraestruturas\add.ctp, line 9]
2010-02-05 18:06:25 Debug: Notice (8): Undefined index: CadastrosProjetoTipos in [APP\views\supraestruturas\add.ctp, line 11]
2010-02-05 18:07:44 Debug: Notice (8): Undefined index: Aparelho  in [APP\views\projetos\view.ctp, line 116]
2010-02-05 18:07:44 Debug: Notice (8): Undefined index: travessa_do_encontro in [APP\views\projetos\view.ctp, line 121]
2010-02-05 18:07:44 Debug: Notice (8): Undefined index: travessa_interna in [APP\views\projetos\view.ctp, line 121]
2010-02-05 18:10:21 Debug: Notice (8): Undefined index: Aparelho  in [APP\views\projetos\view.ctp, line 117]
2010-02-05 18:10:21 Debug: Notice (8): Undefined index: travessa_do_encontro in [APP\views\projetos\view.ctp, line 122]
2010-02-05 18:10:21 Debug: Notice (8): Undefined index: travessa_interna in [APP\views\projetos\view.ctp, line 122]
2010-02-05 18:10:40 Debug: Notice (8): Undefined index: Aparelho  in [APP\views\projetos\view.ctp, line 117]
2010-02-05 18:10:40 Debug: Notice (8): Undefined index: travessa_do_encontro in [APP\views\projetos\view.ctp, line 122]
2010-02-05 18:10:40 Debug: Notice (8): Undefined index: travessa_interna in [APP\views\projetos\view.ctp, line 122]
2010-02-05 18:11:11 Debug: Notice (8): Undefined index: Aparelho  in [APP\views\projetos\view.ctp, line 117]
2010-02-05 18:11:11 Debug: Notice (8): Undefined index: travessa_do_encontro in [APP\views\projetos\view.ctp, line 122]
2010-02-05 18:11:11 Debug: Notice (8): Undefined index: travessa_interna in [APP\views\projetos\view.ctp, line 122]
2010-02-05 18:12:23 Debug: Notice (8): Undefined index: Aparelho  in [APP\views\projetos\view.ctp, line 117]
2010-02-05 18:12:23 Debug: Notice (8): Undefined index: travessa_do_encontro in [APP\views\projetos\view.ctp, line 122]
2010-02-05 18:12:23 Debug: Notice (8): Undefined index: travessa_interna in [APP\views\projetos\view.ctp, line 122]
2010-02-05 18:13:18 Debug: Notice (8): Undefined index: Aparelho  in [APP\views\projetos\view.ctp, line 116]
2010-02-05 18:13:18 Debug: Notice (8): Undefined index: travessa_do_encontro in [APP\views\projetos\view.ctp, line 122]
2010-02-05 18:13:18 Debug: Notice (8): Undefined index: travessa_interna in [APP\views\projetos\view.ctp, line 122]
2010-02-05 18:16:11 Debug: Notice (8): Undefined index: Aparelho  in [APP\views\projetos\view.ctp, line 117]
2010-02-05 18:16:11 Debug: Notice (8): Undefined index: travessa_do_encontro in [APP\views\projetos\view.ctp, line 123]
2010-02-05 18:16:11 Debug: Notice (8): Undefined index: travessa_interna in [APP\views\projetos\view.ctp, line 123]
2010-02-05 18:16:28 Debug: Notice (8): Undefined index: Aparelho  in [APP\views\projetos\view.ctp, line 117]
2010-02-05 18:16:28 Debug: Notice (8): Undefined index: travessa_do_encontro in [APP\views\projetos\view.ctp, line 123]
2010-02-05 18:16:28 Debug: Notice (8): Undefined index: travessa_interna in [APP\views\projetos\view.ctp, line 123]
2010-02-05 18:17:19 Debug: Notice (8): Undefined index: travessa_do_encontro in [APP\views\projetos\view.ctp, line 123]
2010-02-05 18:17:19 Debug: Notice (8): Undefined index: travessa_interna in [APP\views\projetos\view.ctp, line 123]
2010-02-05 18:17:42 Debug: Notice (8): Undefined index: Aparelho  in [APP\views\projetos\view.ctp, line 116]
2010-02-05 18:17:42 Debug: Notice (8): Undefined index: travessa_do_encontro in [APP\views\projetos\view.ctp, line 122]
2010-02-05 18:17:42 Debug: Notice (8): Undefined index: travessa_interna in [APP\views\projetos\view.ctp, line 122]
2010-02-05 18:18:07 Debug: Notice (8): Undefined index: travessa_do_encontro in [APP\views\projetos\view.ctp, line 122]
2010-02-05 18:18:07 Debug: Notice (8): Undefined index: travessa_interna in [APP\views\projetos\view.ctp, line 122]
2010-02-06 11:09:32 Debug: Notice (8): Undefined variable: title in [APP\controllers\projetos_controller.php, line 23]
2010-02-06 11:37:27 Debug: Notice (8): Undefined index: Cadastro in [APP\controllers\projetos_controller.php, line 90]
2010-02-06 11:37:28 Debug: Notice (8): Undefined index: Cadastro in [APP\controllers\projetos_controller.php, line 90]
2010-02-06 11:38:36 Debug: Notice (8): Undefined index: Cadastro in [APP\controllers\projetos_controller.php, line 90]
2010-02-06 11:38:36 Debug: Notice (8): Undefined index: Cadastro in [APP\controllers\projetos_controller.php, line 90]
2010-02-11 18:11:11 Debug: Notice (8): Undefined property: Projeto::$Servico in [APP\controllers\projetos_controller.php, line 97]
2010-02-11 18:12:15 Debug: Notice (8): Undefined property: Projeto::$Servico in [APP\controllers\projetos_controller.php, line 120]
2010-02-11 18:12:57 Debug: Notice (8): Undefined index: Servico in [APP\views\projetos\view.ctp, line 37]
2010-02-11 18:20:08 Debug: Notice (8): Undefined property: Projeto::$Dado in [APP\controllers\projetos_controller.php, line 97]
2010-02-11 18:20:08 Debug: Notice (8): Trying to get property of non-object in [APP\controllers\projetos_controller.php, line 97]
2010-02-11 18:21:05 Debug: Notice (8): Undefined property: Projeto::$Servico in [APP\controllers\projetos_controller.php, line 97]
2010-02-11 18:21:19 Debug: Notice (8): Undefined variable: servicos in [APP\views\projetos\add.ctp, line 13]
2010-02-11 18:22:42 Debug: Notice (8): Undefined variable: projeto in [APP\views\projetos\add.ctp, line 13]
2010-02-11 18:23:34 Debug: Notice (8): Undefined variable: projeto in [APP\views\projetos\add.ctp, line 13]
2010-02-11 18:23:48 Debug: Notice (8): Undefined variable: projeto in [APP\views\projetos\add.ctp, line 13]
2010-02-11 18:24:29 Debug: Notice (8): Undefined variable: projeto in [APP\views\projetos\add.ctp, line 13]
2010-02-11 18:42:25 Debug: Notice (8): Undefined index: descricao in [APP\views\projetos\add.ctp, line 20]
2010-02-11 18:42:52 Debug: Notice (8): Undefined index: descricao in [APP\views\projetos\add.ctp, line 21]
2010-02-11 18:49:12 Debug: Notice (8): Undefined index: descricao in [APP\views\projetos\add.ctp, line 21]
2010-02-11 18:52:00 Debug: Notice (8): Undefined index: Servico in [APP\views\projetos\add.ctp, line 13]
2010-02-11 18:53:11 Debug: Notice (8): Undefined index: Servico in [APP\views\projetos\add.ctp, line 13]
2010-02-13 00:04:47 Debug: Notice (8): Undefined property: Projeto::$Servico in [APP\controllers\projetos_controller.php, line 175]
2010-02-18 18:10:20 Debug: Notice (8): Undefined index: Servico in [APP\controllers\projetos_controller.php, line 92]
2010-02-18 18:10:20 Debug: Notice (8): Undefined index: Servico in [APP\controllers\projetos_controller.php, line 107]
2010-02-19 12:34:07 Debug: Notice (8): Undefined property: Projeto::$Servico in [APP\controllers\projetos_controller.php, line 207]
2010-02-19 13:41:17 Debug: Notice (8): Undefined property: Projeto::$Servico in [APP\controllers\projetos_controller.php, line 207]
2010-02-23 13:34:41 Debug: Notice (8): Undefined variable: dateFormat in [APP\views\contratos\add.ctp, line 18]
2010-02-23 13:34:41 Debug: Notice (8): Undefined index: before in [CORE\cake\libs\view\helpers\form.php, line 758]
2010-02-23 13:34:41 Debug: Notice (8): Undefined index: between in [CORE\cake\libs\view\helpers\form.php, line 759]
2010-02-23 13:34:41 Debug: Notice (8): Undefined index: after in [CORE\cake\libs\view\helpers\form.php, line 760]
2010-02-23 13:34:41 Debug: Notice (8): Undefined variable: dateFormat in [APP\views\contratos\add.ctp, line 20]
2010-02-23 13:34:41 Debug: Notice (8): Undefined variable: dateFormat in [APP\views\contratos\add.ctp, line 21]
2010-02-23 13:34:41 Debug: Notice (8): Undefined variable: dateFormat in [APP\views\contratos\add.ctp, line 22]
2010-02-23 13:34:41 Debug: Notice (8): Undefined variable: dateFormat in [APP\views\contratos\add.ctp, line 24]
2010-02-23 13:34:41 Debug: Notice (8): Undefined variable: dateFormat in [APP\views\contratos\add.ctp, line 25]
2010-02-23 13:34:41 Debug: Notice (8): Undefined variable: dateFormat in [APP\views\contratos\add.ctp, line 26]
2010-02-23 13:34:41 Debug: Notice (8): Undefined variable: dateFormat in [APP\views\contratos\add.ctp, line 27]
2010-02-23 13:34:41 Debug: Notice (8): Undefined variable: dateFormat in [APP\views\contratos\add.ctp, line 28]
2010-02-23 13:34:41 Debug: Notice (8): Undefined variable: dateFormat in [APP\views\contratos\add.ctp, line 29]
2010-02-23 13:34:41 Debug: Notice (8): Undefined variable: dateFormat in [APP\views\contratos\add.ctp, line 30]
2010-02-23 13:34:41 Debug: Notice (8): Undefined variable: dateFormat in [APP\views\contratos\add.ctp, line 31]
2010-02-23 17:30:02 Debug: Notice (8): Undefined property: Projeto::$Servico in [APP\controllers\projetos_controller.php, line 207]
2010-02-23 17:48:25 Debug: Notice (8): Undefined variable: unidade in [APP\views\projetos\view.ctp, line 4]
2010-02-23 17:55:28 Debug: Notice (8): Undefined variable: unidade in [APP\views\projetos\view.ctp, line 4]
2010-02-23 18:23:20 Debug: Notice (8): Undefined variable: javascript in [APP\views\clientes\edit.ctp, line 1]
2010-02-23 18:23:26 Debug: Notice (8): Undefined variable: javascript in [APP\views\clientes\edit.ctp, line 1]
2010-02-23 18:51:04 Debug: Notice (8): Undefined variable: contatos in [APP\views\clientes\view.ctp, line 73]
2010-02-23 18:51:49 Debug: Notice (8): Undefined variable: contatos in [APP\views\clientes\view.ctp, line 73]
2010-02-23 18:52:58 Debug: Notice (8): Undefined variable: subcontratado in [APP\views\clientes\view.ctp, line 108]
2010-02-23 18:52:58 Debug: Notice (8): Undefined variable: subcontratado in [APP\views\clientes\view.ctp, line 109]
2010-02-23 18:52:58 Debug: Notice (8): Undefined variable: subcontratado in [APP\views\clientes\view.ctp, line 110]
2010-02-23 18:54:41 Debug: Notice (8): Undefined index: nome in [APP\views\clientes\view.ctp, line 93]
2010-02-23 18:54:41 Debug: Notice (8): Undefined index: email in [APP\views\clientes\view.ctp, line 96]
2010-02-23 18:54:41 Debug: Notice (8): Undefined index: telefone_profissional in [APP\views\clientes\view.ctp, line 99]
2010-02-23 18:54:41 Debug: Notice (8): Undefined index: telefone_residencial in [APP\views\clientes\view.ctp, line 102]
2010-02-23 18:54:41 Debug: Notice (8): Undefined index: celular in [APP\views\clientes\view.ctp, line 105]
2010-02-23 18:54:41 Debug: Notice (8): Undefined index: id in [APP\views\clientes\view.ctp, line 108]
2010-02-23 18:54:41 Debug: Notice (8): Undefined index: id in [APP\views\clientes\view.ctp, line 109]
2010-02-23 18:54:41 Debug: Notice (8): Undefined index: id in [APP\views\clientes\view.ctp, line 110]
2010-02-23 19:40:48 Debug: Notice (8): Undefined variable: id_cliente in [APP\controllers\contatos_controller.php, line 30]
2010-02-23 19:40:48 Debug: Notice (8): Undefined variable: id_cliente in [APP\controllers\contatos_controller.php, line 33]
2010-02-23 19:42:09 Debug: Notice (8): Undefined variable: id_cliente in [APP\controllers\contatos_controller.php, line 30]
2010-02-23 19:42:09 Debug: Notice (8): Undefined variable: id_cliente in [APP\controllers\contatos_controller.php, line 33]
2010-02-23 19:43:00 Debug: Notice (8): Undefined variable: id_cliente in [APP\controllers\contatos_controller.php, line 27]
2010-02-23 19:43:00 Debug: Notice (8): Undefined variable: id_cliente in [APP\controllers\contatos_controller.php, line 31]
2010-02-23 19:43:00 Debug: Notice (8): Undefined variable: id_cliente in [APP\controllers\contatos_controller.php, line 34]
2010-02-23 19:43:00 Debug: Notice (8): Undefined variable: id_cliente in [APP\controllers\contatos_controller.php, line 31]
2010-02-23 19:43:00 Debug: Notice (8): Undefined variable: id_cliente in [APP\controllers\contatos_controller.php, line 34]
2010-02-23 19:43:21 Debug: Notice (8): Undefined variable: id_cliente in [APP\controllers\contatos_controller.php, line 28]
2010-02-23 19:43:21 Debug: Notice (8): Undefined variable: id_cliente in [APP\controllers\contatos_controller.php, line 31]
2010-02-23 19:43:21 Debug: Notice (8): Undefined variable: id_cliente in [APP\controllers\contatos_controller.php, line 34]
2010-02-23 19:46:21 Debug: Notice (8): Undefined variable: id_cliente in [APP\controllers\contatos_controller.php, line 33]
2010-02-23 19:46:21 Debug: Notice (8): Undefined variable: id_cliente in [APP\controllers\contatos_controller.php, line 36]
2010-02-23 20:20:27 Debug: Notice (8): Undefined variable: javascript in [APP\views\contatos\add.ctp, line 1]
2010-02-24 13:57:36 Debug: Notice (8): Undefined property: Projeto::$Servico in [APP\controllers\projetos_controller.php, line 207]
2010-02-27 03:19:00 Debug: Notice (8): Undefined variable: logado in [APP\views\layouts\default.ctp, line 40]
2010-02-27 03:37:10 Debug: Notice (8): Undefined variable: logado in [APP\views\layouts\default.ctp, line 40]
2010-02-27 03:37:58 Debug: Notice (8): Undefined variable: logado in [APP\views\layouts\default.ctp, line 40]
2010-02-27 03:38:35 Debug: Notice (8): Undefined variable: logado in [APP\views\layouts\default.ctp, line 40]
2010-02-27 03:38:44 Debug: Notice (8): Undefined variable: logado in [APP\views\layouts\default.ctp, line 40]
2010-02-27 03:39:00 Debug: Notice (8): Undefined variable: logado in [APP\views\layouts\default.ctp, line 40]
2010-02-27 03:39:25 Debug: Notice (8): Undefined variable: logado in [APP\views\layouts\default.ctp, line 40]
2010-02-27 03:44:04 Debug: Notice (8): Undefined variable: data in [APP\controllers\users_controller.php, line 12]
2010-02-27 04:19:37 Debug: Notice (8): Undefined variable: logado in [APP\views\layouts\default.ctp, line 40]
2010-02-27 04:19:39 Debug: Notice (8): Undefined variable: logado in [APP\views\layouts\default.ctp, line 40]
2010-02-27 04:21:24 Debug: Notice (8): Undefined property: UsuariosController::$Auth in [APP\controllers\usuarios_controller.php, line 15]
2010-02-27 04:23:39 Debug: Notice (8): Undefined property: UsuariosController::$Auth in [APP\controllers\usuarios_controller.php, line 16]
2010-02-27 04:24:28 Debug: Notice (8): Undefined variable: logado in [APP\views\layouts\default.ctp, line 40]
2010-02-27 04:25:19 Debug: Notice (8): Undefined variable: logado in [APP\views\layouts\default.ctp, line 40]
2010-02-27 04:25:40 Debug: Notice (8): Undefined variable: logado in [APP\views\layouts\default.ctp, line 40]
2010-02-27 04:26:17 Debug: Notice (8): Undefined variable: logado in [APP\views\layouts\default.ctp, line 40]
2010-03-04 01:38:01 Debug: Notice (8): Undefined property: View::$Session in [APP\views\layouts\default.ctp, line 43]
2010-03-04 01:41:38 Debug: Notice (8): Undefined variable: usuario in [APP\views\layouts\default.ctp, line 40]
2010-03-05 01:04:50 Debug: Notice (8): Undefined variable: javascript in [APP\views\contratos_registros_profissionais\add.ctp, line 2]
2010-03-05 01:07:16 Debug: Notice (8): Undefined variable: javascript in [APP\views\contratos_registros_profissionais\add.ctp, line 2]
2010-03-05 01:07:44 Debug: Notice (8): Undefined variable: javascript in [APP\views\contratos_registros_profissionais\add.ctp, line 2]
2010-03-05 01:08:41 Debug: Notice (8): Undefined variable: datePicker in [APP\views\contratos_registros_profissionais\add.ctp, line 13]
2010-03-05 01:09:38 Debug: Notice (8): Undefined variable: id_contrato in [APP\views\contratos_registros_profissionais\add.ctp, line 21]
2010-03-05 01:15:23 Debug: Notice (8): Undefined variable: id_contrato in [APP\views\contratos_registros_profissionais\add.ctp, line 21]
2010-03-05 01:19:09 Debug: Notice (8): Undefined variable: id_contrato in [APP\controllers\contratos_registros_profissionais_controller.php, line 30]
2010-03-05 01:19:09 Debug: Notice (8): Undefined variable: id_contrato in [APP\controllers\contratos_registros_profissionais_controller.php, line 33]
2010-03-05 01:46:04 Debug: Notice (8): Undefined property: ContratosRegistrosProfissional::$contrato_id in [APP\controllers\contratos_registros_profissionais_controller.php, line 25]
2010-03-05 01:48:30 Debug: Notice (8): Undefined property: ContratosRegistrosProfissional::$contrato_id in [APP\controllers\contratos_registros_profissionais_controller.php, line 25]
2010-03-05 01:51:07 Debug: Notice (8): Undefined property: ContratosRegistrosProfissional::$contrato_id in [APP\controllers\contratos_registros_profissionais_controller.php, line 25]
2010-03-05 01:52:35 Debug: Notice (8): Undefined variable: id_contrato in [APP\controllers\contratos_registros_profissionais_controller.php, line 53]
2010-03-05 01:52:35 Debug: Notice (8): Undefined variable: id_contrato in [APP\controllers\contratos_registros_profissionais_controller.php, line 53]
2010-03-05 01:56:29 Debug: Notice (8): Undefined property: ContratosRegistrosProfissional::$contrato_id in [APP\controllers\contratos_registros_profissionais_controller.php, line 53]
2010-03-05 20:15:47 Debug: Notice (8): Undefined index: Servico in [APP\controllers\projetos_controller.php, line 92]
2010-03-05 20:15:47 Debug: Notice (8): Undefined index: Servico in [APP\controllers\projetos_controller.php, line 107]
2010-03-06 04:43:29 Debug: Notice (8): Undefined variable: campo_chave in [APP\controllers\projetos_controller.php, line 403]
2010-03-06 04:43:29 Debug: Notice (8): Undefined variable: campo_chave in [APP\controllers\projetos_controller.php, line 401]
2010-03-06 04:45:44 Debug: Notice (8): Undefined variable: campo_chave in [APP\controllers\projetos_controller.php, line 403]
2010-03-06 04:45:44 Debug: Notice (8): Undefined variable: campo_chave in [APP\controllers\projetos_controller.php, line 401]
2010-03-18 18:15:30 Debug: Notice (8): Undefined index: Cadastro in [APP\views\infraestruturas\edit.ctp, line 29]
2010-03-18 18:15:30 Debug: Notice (8): Undefined index: tipo in [APP\views\infraestruturas\edit.ctp, line 31]
2010-03-18 18:15:43 Debug: Notice (8): Undefined index: Cadastro in [APP\views\infraestruturas\edit.ctp, line 29]
2010-03-18 18:15:43 Debug: Notice (8): Undefined index: tipo in [APP\views\infraestruturas\edit.ctp, line 31]
2010-03-18 18:51:01 Debug: Notice (8): Undefined index: Cadastro in [APP\views\infraestruturas\edit.ctp, line 32]
2010-03-18 18:51:01 Debug: Notice (8): Undefined index: tipo in [APP\views\infraestruturas\edit.ctp, line 34]
2010-03-18 18:51:52 Debug: Notice (8): Undefined index: Cadastro in [APP\views\infraestruturas\edit.ctp, line 33]
2010-03-18 18:51:52 Debug: Notice (8): Undefined index: tipo in [APP\views\infraestruturas\edit.ctp, line 35]
2010-03-18 18:52:32 Debug: Notice (8): Undefined index: formulario_id in [APP\views\infraestruturas\edit.ctp, line 32]
2010-03-18 18:53:22 Debug: Notice (8): Undefined index: Cadastro in [APP\views\infraestruturas\edit.ctp, line 33]
2010-03-18 18:53:22 Debug: Notice (8): Undefined index: tipo in [APP\views\infraestruturas\edit.ctp, line 35]
2010-03-18 18:53:59 Debug: Notice (8): Undefined index: Cadastro in [APP\views\infraestruturas\edit.ctp, line 33]
2010-03-18 18:53:59 Debug: Notice (8): Undefined index: Cadastro in [APP\views\infraestruturas\edit.ctp, line 34]
2010-03-18 18:53:59 Debug: Notice (8): Undefined index: Cadastro in [APP\views\infraestruturas\edit.ctp, line 35]
2010-03-18 18:54:29 Debug: Notice (8): Undefined index: Cadastro in [APP\views\infraestruturas\edit.ctp, line 33]
2010-03-18 18:54:29 Debug: Notice (8): Undefined index: tipo in [APP\views\infraestruturas\edit.ctp, line 35]
2010-03-22 03:32:55 Debug: Notice (8): Undefined variable: id_contrato in [APP\controllers\contratos_registros_profissionais_controller.php, line 30]
2010-03-22 03:32:55 Debug: Notice (8): Undefined variable: id_contrato in [APP\controllers\contratos_registros_profissionais_controller.php, line 33]
2010-03-22 03:32:55 Debug: Notice (8): Undefined variable: id_contrato in [APP\controllers\contratos_registros_profissionais_controller.php, line 30]
2010-03-22 03:32:55 Debug: Notice (8): Undefined variable: id_contrato in [APP\controllers\contratos_registros_profissionais_controller.php, line 33]
2010-03-22 03:35:14 Debug: Notice (8): Undefined variable: id_contrato in [APP\controllers\contratos_registros_profissionais_controller.php, line 30]
2010-03-22 03:35:14 Debug: Notice (8): Undefined variable: id_contrato in [APP\controllers\contratos_registros_profissionais_controller.php, line 33]
2010-03-22 03:35:24 Debug: Notice (8): Undefined variable: id_contrato in [APP\controllers\contratos_registros_profissionais_controller.php, line 30]
2010-03-22 03:35:24 Debug: Notice (8): Undefined variable: id_contrato in [APP\controllers\contratos_registros_profissionais_controller.php, line 33]
