2010-02-05 16:14:34 Warning: Warning (512): <span style = "color:Red;text-align:left"><b>SQL Error:</b> 1054: Unknown column 'ProjetoTipo.id' in 'where clause'</span> in [CORE\cake\libs\model\datasources\dbo_source.php, line 525]
2010-02-05 16:17:49 Warning: Warning (512): <span style = "color:Red;text-align:left"><b>SQL Error:</b> 1054: Unknown column 'ProjetoTipo.id' in 'where clause'</span> in [CORE\cake\libs\model\datasources\dbo_source.php, line 525]
2010-02-05 16:18:23 Warning: Warning (512): <span style = "color:Red;text-align:left"><b>SQL Error:</b> 1054: Unknown column 'ProjetoTipo.id' in 'where clause'</span> in [CORE\cake\libs\model\datasources\dbo_source.php, line 525]
2010-02-05 16:20:40 Warning: Warning (512): <span style = "color:Red;text-align:left"><b>SQL Error:</b> 1054: Unknown column 'InfraestruturaTiposProjetoTipo.projeto_tipo_id' in 'where clause'</span> in [CORE\cake\libs\model\datasources\dbo_source.php, line 525]
2010-02-05 16:38:37 Warning: Warning (512): <span style = "color:Red;text-align:left"><b>SQL Error:</b> 1054: Unknown column 'ProjetoTipo.infraestrutura_tipos_projeto_tipo_id' in 'on clause'</span> in [CORE\cake\libs\model\datasources\dbo_source.php, line 525]
2010-02-05 16:40:28 Warning: Warning (2): print_r() expects at least 1 parameter, 0 given in [APP\views\infraestruturas\add.ctp, line 9]
2010-02-05 16:46:48 Warning: Warning (512): <span style = "color:Red;text-align:left"><b>SQL Error:</b> 1054: Unknown column 'InfraestruturaTiposProjetoTipo.projeto_tipo_id' in 'where clause'</span> in [CORE\cake\libs\model\datasources\dbo_source.php, line 525]
2010-02-05 16:55:06 Warning: Warning (512): <span style = "color:Red;text-align:left"><b>SQL Error:</b> 1064: You have an error in your SQL syntax; check the manual that corresponds to your MySQL server version for the right syntax to use near 'InfraestruturaTipo' at line 1</span> in [CORE\cake\libs\model\datasources\dbo_source.php, line 525]
2010-02-05 17:04:02 Warning: Warning (2): Missing argument 1 for InfraestruturasController::add(), called in D:\www\projetos\cake\libs\object.php on line 116 and defined in [APP\controllers\infraestruturas_controller.php, line 21]
2010-02-05 18:01:10 Warning: Warning (2): Invalid argument supplied for foreach() in [APP\views\mesoestruturas\add.ctp, line 8]
2010-02-05 18:01:27 Warning: Warning (2): Invalid argument supplied for foreach() in [APP\views\supraestruturas\add.ctp, line 9]
2010-02-05 18:01:50 Warning: Warning (2): Invalid argument supplied for foreach() in [APP\views\supraestruturas\add.ctp, line 9]
2010-02-05 18:01:55 Warning: Warning (2): Missing argument 1 for InfraestruturasController::add(), called in D:\www\projetos\cake\libs\object.php on line 116 and defined in [APP\controllers\infraestruturas_controller.php, line 21]
2010-02-05 18:02:23 Warning: Warning (2): Missing argument 1 for InfraestruturasController::add(), called in D:\www\projetos\cake\libs\object.php on line 116 and defined in [APP\controllers\infraestruturas_controller.php, line 21]
2010-02-05 18:02:37 Warning: Warning (2): Missing argument 1 for InfraestruturasController::add(), called in D:\www\projetos\cake\libs\object.php on line 116 and defined in [APP\controllers\infraestruturas_controller.php, line 21]
2010-02-05 18:02:56 Warning: Warning (2): Invalid argument supplied for foreach() in [APP\views\supraestruturas\add.ctp, line 9]
2010-02-05 18:05:09 Warning: Warning (2): Invalid argument supplied for foreach() in [APP\views\supraestruturas\add.ctp, line 10]
2010-02-05 18:05:43 Warning: Warning (2): Invalid argument supplied for foreach() in [APP\views\supraestruturas\add.ctp, line 9]
2010-02-05 18:05:59 Warning: Warning (2): Invalid argument supplied for foreach() in [APP\views\supraestruturas\add.ctp, line 9]
2010-02-05 18:06:12 Warning: Warning (2): Invalid argument supplied for foreach() in [APP\views\supraestruturas\add.ctp, line 9]
2010-02-05 18:06:25 Warning: Warning (2): Invalid argument supplied for foreach() in [APP\views\supraestruturas\add.ctp, line 11]
2010-02-05 18:07:44 Warning: Warning (2): Missing argument 1 for MesoestruturasController::add(), called in D:\www\projetos\cake\libs\object.php on line 116 and defined in [APP\controllers\mesoestruturas_controller.php, line 21]
2010-02-05 18:23:11 Warning: Warning (2): Missing argument 1 for SupraestruturasController::add(), called in D:\www\projetos\cake\libs\object.php on line 116 and defined in [APP\controllers\supraestruturas_controller.php, line 21]
2010-02-06 11:09:32 Warning: Warning (2): implode() [<a href='http://php.net/function.implode'>function.implode</a>]: Invalid arguments passed in [APP\controllers\projetos_controller.php, line 23]
2010-02-06 11:10:41 Warning: Warning (512): <span style = "color:Red;text-align:left"><b>SQL Error:</b> 1064: You have an error in your SQL syntax; check the manual that corresponds to your MySQL server version for the right syntax to use near 'ILIKE '%via%') OR (`Projeto`.`nome` ILIKE '%via%'))' at line 1</span> in [CORE\cake\libs\model\datasources\dbo_source.php, line 525]
2010-02-06 11:10:41 Warning: Warning (512): <span style = "color:Red;text-align:left"><b>SQL Error:</b> 1064: You have an error in your SQL syntax; check the manual that corresponds to your MySQL server version for the right syntax to use near 'ILIKE '%via%') OR (`Projeto`.`nome` ILIKE '%via%'))    LIMIT 20' at line 1</span> in [CORE\cake\libs\model\datasources\dbo_source.php, line 525]
2010-02-06 11:10:41 Warning: Warning (2): Invalid argument supplied for foreach() in [APP\views\projetos\index.ctp, line 35]
2010-02-06 11:10:41 Warning: Warning (512): <span style = "color:Red;text-align:left"><b>SQL Error:</b> 1064: You have an error in your SQL syntax; check the manual that corresponds to your MySQL server version for the right syntax to use near 'ILIKE '%via%') OR (`Projeto`.`nome` ILIKE '%via%'))' at line 1</span> in [CORE\cake\libs\model\datasources\dbo_source.php, line 525]
2010-02-06 11:10:41 Warning: Warning (512): <span style = "color:Red;text-align:left"><b>SQL Error:</b> 1064: You have an error in your SQL syntax; check the manual that corresponds to your MySQL server version for the right syntax to use near 'ILIKE '%via%') OR (`Projeto`.`nome` ILIKE '%via%'))    LIMIT 20' at line 1</span> in [CORE\cake\libs\model\datasources\dbo_source.php, line 525]
2010-02-06 11:10:41 Warning: Warning (2): Invalid argument supplied for foreach() in [APP\views\projetos\index.ctp, line 35]
2010-02-06 11:37:27 Warning: Warning (2): Invalid argument supplied for foreach() in [APP\views\projetos\edit.ctp, line 15]
2010-02-06 11:37:28 Warning: Warning (2): Invalid argument supplied for foreach() in [APP\views\projetos\edit.ctp, line 15]
2010-02-06 11:38:36 Warning: Warning (2): Invalid argument supplied for foreach() in [APP\views\projetos\edit.ctp, line 15]
2010-02-06 11:38:36 Warning: Warning (2): Invalid argument supplied for foreach() in [APP\views\projetos\edit.ctp, line 15]
2010-02-11 18:21:19 Warning: Warning (2): Invalid argument supplied for foreach() in [APP\views\projetos\add.ctp, line 13]
2010-02-19 13:10:43 Warning: Warning (2): Missing argument 1 for CadastrosProjetoTiposController::admin_add(), called in D:\www\projetos\cake\libs\object.php on line 116 and defined in [APP\controllers\cadastros_projeto_tipos_controller.php, line 7]
2010-02-19 13:27:04 Warning: Warning (2): Missing argument 1 for CadastrosProjetoTiposController::admin_add(), called in D:\www\projetos\cake\libs\object.php on line 116 and defined in [APP\controllers\cadastros_projeto_tipos_controller.php, line 7]
2010-02-19 13:32:47 Warning: Warning (2): Missing argument 1 for CadastrosProjetoTiposController::admin_add(), called in D:\www\projetos\cake\libs\object.php on line 116 and defined in [APP\controllers\cadastros_projeto_tipos_controller.php, line 7]
2010-02-19 13:33:18 Warning: Warning (2): Missing argument 1 for CadastrosProjetoTiposController::admin_add(), called in D:\www\projetos\cake\libs\object.php on line 116 and defined in [APP\controllers\cadastros_projeto_tipos_controller.php, line 7]
2010-02-19 13:42:28 Warning: Warning (2): Missing argument 1 for SuperestruturasController::add(), called in D:\www\projetos\cake\libs\object.php on line 116 and defined in [APP\controllers\superestruturas_controller.php, line 21]
2010-02-23 13:34:41 Warning: Warning (2): array_merge() [<a href='http://php.net/function.array-merge'>function.array-merge</a>]: Argument #2 is not an array in [CORE\cake\libs\view\helpers\form.php, line 581]
2010-02-23 17:48:24 Warning: Warning (2): Missing argument 4 for AdicionaSubitem(), called in D:\www\projetos\app\views\projetos\view.ctp on line 196 and defined in [APP\views\projetos\view.ctp, line 2]
2010-02-23 17:48:25 Warning: Warning (2): Missing argument 4 for AdicionaSubitem(), called in D:\www\projetos\app\views\projetos\view.ctp on line 198 and defined in [APP\views\projetos\view.ctp, line 2]
2010-02-23 17:48:25 Warning: Warning (2): Missing argument 4 for AdicionaSubitem(), called in D:\www\projetos\app\views\projetos\view.ctp on line 200 and defined in [APP\views\projetos\view.ctp, line 2]
2010-02-23 17:48:25 Warning: Warning (2): Missing argument 4 for AdicionaSubitem(), called in D:\www\projetos\app\views\projetos\view.ctp on line 202 and defined in [APP\views\projetos\view.ctp, line 2]
2010-02-23 17:55:28 Warning: Warning (2): Missing argument 4 for AdicionaSubitem(), called in D:\www\projetos\app\views\projetos\view.ctp on line 218 and defined in [APP\views\projetos\view.ctp, line 2]
2010-02-23 17:55:28 Warning: Warning (2): Missing argument 4 for AdicionaSubitem(), called in D:\www\projetos\app\views\projetos\view.ctp on line 220 and defined in [APP\views\projetos\view.ctp, line 2]
2010-02-23 17:55:28 Warning: Warning (2): Missing argument 4 for AdicionaSubitem(), called in D:\www\projetos\app\views\projetos\view.ctp on line 222 and defined in [APP\views\projetos\view.ctp, line 2]
2010-02-23 17:55:28 Warning: Warning (2): Missing argument 4 for AdicionaSubitem(), called in D:\www\projetos\app\views\projetos\view.ctp on line 224 and defined in [APP\views\projetos\view.ctp, line 2]
2010-02-23 17:55:28 Warning: Warning (2): Missing argument 4 for AdicionaSubitem(), called in D:\www\projetos\app\views\projetos\view.ctp on line 226 and defined in [APP\views\projetos\view.ctp, line 2]
2010-02-23 17:55:28 Warning: Warning (2): Missing argument 4 for AdicionaSubitem(), called in D:\www\projetos\app\views\projetos\view.ctp on line 228 and defined in [APP\views\projetos\view.ctp, line 2]
2010-02-23 18:14:13 Warning: Warning (2): preg_match() [<a href='http://php.net/function.preg-match'>function.preg-match</a>]: Delimiter must not be alphanumeric or backslash in [CORE\cake\libs\model\model.php, line 2456]
2010-02-23 18:14:36 Warning: Warning (2): preg_match() [<a href='http://php.net/function.preg-match'>function.preg-match</a>]: Delimiter must not be alphanumeric or backslash in [CORE\cake\libs\model\model.php, line 2456]
2010-02-23 18:14:57 Warning: Warning (2): preg_match() [<a href='http://php.net/function.preg-match'>function.preg-match</a>]: Delimiter must not be alphanumeric or backslash in [CORE\cake\libs\model\model.php, line 2456]
2010-02-23 18:15:33 Warning: Warning (2): preg_match() [<a href='http://php.net/function.preg-match'>function.preg-match</a>]: Delimiter must not be alphanumeric or backslash in [CORE\cake\libs\model\model.php, line 2456]
2010-02-23 18:25:04 Warning: Warning (2): preg_match() [<a href='http://php.net/function.preg-match'>function.preg-match</a>]: Delimiter must not be alphanumeric or backslash in [CORE\cake\libs\model\model.php, line 2456]
2010-02-23 19:34:59 Warning: Warning (2): preg_match() [<a href='http://php.net/function.preg-match'>function.preg-match</a>]: Delimiter must not be alphanumeric or backslash in [CORE\cake\libs\model\model.php, line 2456]
2010-02-23 19:34:59 Warning: Warning (2): preg_match() [<a href='http://php.net/function.preg-match'>function.preg-match</a>]: Empty regular expression in [CORE\cake\libs\model\model.php, line 2456]
2010-02-23 19:40:48 Warning: Warning (2): Missing argument 1 for ContatosController::add(), called in D:\www\projetos\cake\libs\object.php on line 116 and defined in [APP\controllers\contatos_controller.php, line 20]
2010-02-23 19:42:09 Warning: Warning (2): Missing argument 1 for ContatosController::add(), called in D:\www\projetos\cake\libs\object.php on line 116 and defined in [APP\controllers\contatos_controller.php, line 20]
2010-02-23 19:43:00 Warning: Warning (2): Missing argument 1 for ContatosController::add(), called in D:\www\projetos\cake\libs\object.php on line 116 and defined in [APP\controllers\contatos_controller.php, line 20]
2010-02-23 19:43:00 Warning: Warning (2): Missing argument 1 for ContatosController::add(), called in D:\www\projetos\cake\libs\object.php on line 116 and defined in [APP\controllers\contatos_controller.php, line 20]
2010-02-23 19:43:00 Warning: Warning (2): Missing argument 1 for ContatosController::add(), called in D:\www\projetos\cake\libs\object.php on line 116 and defined in [APP\controllers\contatos_controller.php, line 20]
2010-02-23 19:43:21 Warning: Warning (2): Missing argument 1 for ContatosController::add(), called in D:\www\projetos\cake\libs\object.php on line 116 and defined in [APP\controllers\contatos_controller.php, line 20]
2010-02-23 19:43:21 Warning: Warning (2): Missing argument 1 for ContatosController::add(), called in D:\www\projetos\cake\libs\object.php on line 116 and defined in [APP\controllers\contatos_controller.php, line 20]
2010-02-23 19:46:21 Warning: Warning (2): Missing argument 1 for ContatosController::add(), called in D:\www\projetos\cake\libs\object.php on line 116 and defined in [APP\controllers\contatos_controller.php, line 20]
2010-02-23 19:55:12 Warning: Warning (2): Missing argument 1 for ContatosController::add(), called in D:\www\projetos\cake\libs\object.php on line 116 and defined in [APP\controllers\contatos_controller.php, line 20]
2010-02-27 02:27:51 Warning: Warning (512): Método HtmlHelper::input não existe in [CORE\cake\libs\view\helper.php, line 143]
2010-03-05 01:19:09 Warning: Warning (2): Missing argument 1 for ContratosRegistrosProfissionaisController::add(), called in C:\www\projetos\cake\libs\object.php on line 116 and defined in [APP\controllers\contratos_registros_profissionais_controller.php, line 20]
2010-03-05 01:20:25 Warning: Warning (2): Missing argument 1 for ContratosRegistrosProfissionaisController::add(), called in C:\www\projetos\cake\libs\object.php on line 116 and defined in [APP\controllers\contratos_registros_profissionais_controller.php, line 20]
2010-03-05 01:46:04 Warning: Warning (2): Missing argument 1 for ContratosRegistrosProfissionaisController::add(), called in C:\www\projetos\cake\libs\object.php on line 116 and defined in [APP\controllers\contratos_registros_profissionais_controller.php, line 20]
2010-03-05 01:48:30 Warning: Warning (2): Missing argument 1 for ContratosRegistrosProfissionaisController::add(), called in C:\www\projetos\cake\libs\object.php on line 116 and defined in [APP\controllers\contratos_registros_profissionais_controller.php, line 20]
2010-03-05 01:51:07 Warning: Warning (2): Missing argument 1 for ContratosRegistrosProfissionaisController::add(), called in C:\www\projetos\cake\libs\object.php on line 116 and defined in [APP\controllers\contratos_registros_profissionais_controller.php, line 20]
2010-03-05 01:51:58 Warning: Warning (2): Missing argument 1 for ContratosRegistrosProfissionaisController::add(), called in C:\www\projetos\cake\libs\object.php on line 116 and defined in [APP\controllers\contratos_registros_profissionais_controller.php, line 20]
2010-03-05 20:25:23 Warning: Warning (2): Missing argument 1 for CadastrosProjetoTiposController::admin_add(), called in D:\www\projetos\cake\libs\object.php on line 116 and defined in [APP\controllers\cadastros_projeto_tipos_controller.php, line 7]
2010-03-05 20:25:33 Warning: Warning (2): Missing argument 1 for CadastrosProjetoTiposController::admin_add(), called in D:\www\projetos\cake\libs\object.php on line 116 and defined in [APP\controllers\cadastros_projeto_tipos_controller.php, line 7]
2010-03-05 20:25:40 Warning: Warning (2): Missing argument 1 for CadastrosProjetoTiposController::admin_add(), called in D:\www\projetos\cake\libs\object.php on line 116 and defined in [APP\controllers\cadastros_projeto_tipos_controller.php, line 7]
2010-03-05 20:25:51 Warning: Warning (2): Missing argument 1 for CadastrosProjetoTiposController::admin_add(), called in D:\www\projetos\cake\libs\object.php on line 116 and defined in [APP\controllers\cadastros_projeto_tipos_controller.php, line 7]
2010-03-05 20:26:07 Warning: Warning (2): Missing argument 1 for CadastrosProjetoTiposController::admin_add(), called in D:\www\projetos\cake\libs\object.php on line 116 and defined in [APP\controllers\cadastros_projeto_tipos_controller.php, line 7]
2010-03-05 20:31:13 Warning: Warning (2): Missing argument 1 for CadastrosProjetoTiposController::admin_add(), called in D:\www\projetos\cake\libs\object.php on line 116 and defined in [APP\controllers\cadastros_projeto_tipos_controller.php, line 7]
2010-03-06 04:43:29 Warning: Warning (512): <span style = "color:Red;text-align:left"><b>SQL Error:</b> 1054: Unknown column 'InfraestruturaTipo.id' in 'where clause'</span> in [CORE\cake\libs\model\datasources\dbo_source.php, line 525]
2010-03-06 04:43:30 Warning: Warning (2): Invalid argument supplied for foreach() in [APP\views\projetos\index.ctp, line 21]
2010-03-06 04:47:22 Warning: Warning (512): <span style = "color:Red;text-align:left"><b>SQL Error:</b> 1054: Unknown column 'InfraestruturaTipo.id' in 'where clause'</span> in [CORE\cake\libs\model\datasources\dbo_source.php, line 525]
2010-03-06 04:47:22 Warning: Warning (2): Invalid argument supplied for foreach() in [APP\views\projetos\index.ctp, line 21]
2010-03-06 04:49:29 Warning: Warning (512): <span style = "color:Red;text-align:left"><b>SQL Error:</b> 1054: Unknown column 'Tubulao.id' in 'where clause'</span> in [CORE\cake\libs\model\datasources\dbo_source.php, line 525]
2010-03-06 04:49:29 Warning: Warning (2): Invalid argument supplied for foreach() in [APP\views\projetos\index.ctp, line 21]
2010-03-18 18:15:29 Warning: Warning (2): Missing argument 1 for InfraestruturasController::add(), called in D:\www\projetos\cake\libs\object.php on line 116 and defined in [APP\controllers\infraestruturas_controller.php, line 21]
2010-03-18 18:55:49 Warning: Warning (2): Missing argument 1 for InfraestruturasController::add(), called in D:\www\projetos\cake\libs\object.php on line 116 and defined in [APP\controllers\infraestruturas_controller.php, line 21]
2010-03-22 03:17:33 Warning: Warning (2): Missing argument 1 for ContatosController::add(), called in C:\www\projetos\cake\libs\object.php on line 116 and defined in [APP\controllers\contatos_controller.php, line 20]
2010-03-22 03:32:55 Warning: Warning (2): Missing argument 1 for ContratosRegistrosProfissionaisController::add(), called in C:\www\projetos\cake\libs\object.php on line 116 and defined in [APP\controllers\contratos_registros_profissionais_controller.php, line 20]
2010-03-22 03:32:55 Warning: Warning (2): Missing argument 1 for ContratosRegistrosProfissionaisController::add(), called in C:\www\projetos\cake\libs\object.php on line 116 and defined in [APP\controllers\contratos_registros_profissionais_controller.php, line 20]
2010-03-22 03:35:14 Warning: Warning (2): Missing argument 1 for ContratosRegistrosProfissionaisController::add(), called in C:\www\projetos\cake\libs\object.php on line 116 and defined in [APP\controllers\contratos_registros_profissionais_controller.php, line 20]
2010-03-22 03:35:24 Warning: Warning (2): Missing argument 1 for ContratosRegistrosProfissionaisController::add(), called in C:\www\projetos\cake\libs\object.php on line 116 and defined in [APP\controllers\contratos_registros_profissionais_controller.php, line 20]
2010-03-22 03:35:45 Warning: Warning (2): Missing argument 1 for ContratosRegistrosProfissionaisController::add(), called in C:\www\projetos\cake\libs\object.php on line 116 and defined in [APP\controllers\contratos_registros_profissionais_controller.php, line 20]
2010-03-22 03:40:13 Warning: Warning (2): Missing argument 1 for ContratosRegistrosProfissionaisController::add(), called in C:\www\projetos\cake\libs\object.php on line 116 and defined in [APP\controllers\contratos_registros_profissionais_controller.php, line 20]
2010-03-22 03:40:34 Warning: Warning (2): Missing argument 1 for ContratosRegistrosProfissionaisController::add(), called in C:\www\projetos\cake\libs\object.php on line 116 and defined in [APP\controllers\contratos_registros_profissionais_controller.php, line 20]
